{
"/Users/farmanc/Sites/cfpb-chart-builder/src/static/js/utils/process-csv.js":{"path":"/Users/farmanc/Sites/cfpb-chart-builder/src/static/js/utils/process-csv.js","s":{"1":1,"2":1,"3":1,"4":2,"5":2,"6":2,"7":2,"8":1,"9":0,"10":0,"11":0,"12":0,"13":0,"14":0,"15":0,"16":0,"17":0,"18":0,"19":0,"20":0,"21":0,"22":0,"23":0,"24":0,"25":0,"26":0,"27":0,"28":0,"29":0,"30":0,"31":0,"32":1,"33":0,"34":0,"35":0,"36":0,"37":0,"38":0,"39":0,"40":0,"41":0,"42":0,"43":0,"44":1,"45":0,"46":0,"47":0,"48":0,"49":0,"50":1,"51":0,"52":0,"53":0,"54":0,"55":0,"56":1,"57":0,"58":0,"59":0,"60":0,"61":0,"62":0,"63":0,"64":0,"65":1},"b":{"1":[0,0],"2":[0,0],"3":[0,0],"4":[0,0],"5":[0,0],"6":[0,0],"7":[0,0],"8":[0,0],"9":[0,0]},"f":{"1":2,"2":0,"3":0,"4":0,"5":0,"6":0,"7":0,"8":0,"9":0,"10":0,"11":0,"12":0},"fnMap":{"1":{"name":"formatDate","line":12,"loc":{"start":{"line":12,"column":0},"end":{"line":12,"column":29}}},"2":{"name":"processNumOriginationsData","line":21,"loc":{"start":{"line":21,"column":0},"end":{"line":21,"column":50}}},"3":{"name":"(anonymous_3)","line":28,"loc":{"start":{"line":28,"column":15},"end":{"line":28,"column":37}}},"4":{"name":"(anonymous_4)","line":50,"loc":{"start":{"line":50,"column":42},"end":{"line":50,"column":59}}},"5":{"name":"(anonymous_5)","line":53,"loc":{"start":{"line":53,"column":38},"end":{"line":53,"column":55}}},"6":{"name":"processYoyData","line":64,"loc":{"start":{"line":64,"column":0},"end":{"line":64,"column":38}}},"7":{"name":"(anonymous_7)","line":71,"loc":{"start":{"line":71,"column":15},"end":{"line":71,"column":37}}},"8":{"name":"_getProjectedTimestamp","line":94,"loc":{"start":{"line":94,"column":0},"end":{"line":94,"column":53}}},"9":{"name":"_getProjectedDate","line":123,"loc":{"start":{"line":123,"column":0},"end":{"line":123,"column":40}}},"10":{"name":"processMapData","line":135,"loc":{"start":{"line":135,"column":0},"end":{"line":135,"column":31}}},"11":{"name":"(anonymous_11)","line":140,"loc":{"start":{"line":140,"column":22},"end":{"line":140,"column":38}}},"12":{"name":"(anonymous_12)","line":143,"loc":{"start":{"line":143,"column":19},"end":{"line":143,"column":38}}}},"statementMap":{"1":{"start":{"line":8,"column":0},"end":{"line":8,"column":34}},"2":{"start":{"line":9,"column":0},"end":{"line":9,"column":43}},"3":{"start":{"line":12,"column":0},"end":{"line":19,"column":1}},"4":{"start":{"line":13,"column":2},"end":{"line":13,"column":45}},"5":{"start":{"line":14,"column":2},"end":{"line":14,"column":25}},"6":{"start":{"line":16,"column":2},"end":{"line":16,"column":41}},"7":{"start":{"line":18,"column":2},"end":{"line":18,"column":17}},"8":{"start":{"line":21,"column":0},"end":{"line":62,"column":1}},"9":{"start":{"line":22,"column":2},"end":{"line":25,"column":4}},"10":{"start":{"line":26,"column":2},"end":{"line":26,"column":31}},"11":{"start":{"line":27,"column":2},"end":{"line":27,"column":14}},"12":{"start":{"line":28,"column":2},"end":{"line":49,"column":6}},"13":{"start":{"line":30,"column":4},"end":{"line":47,"column":5}},"14":{"start":{"line":31,"column":6},"end":{"line":31,"column":19}},"15":{"start":{"line":32,"column":6},"end":{"line":32,"column":32}},"16":{"start":{"line":33,"column":6},"end":{"line":33,"column":45}},"17":{"start":{"line":34,"column":6},"end":{"line":34,"column":45}},"18":{"start":{"line":36,"column":6},"end":{"line":38,"column":7}},"19":{"start":{"line":37,"column":8},"end":{"line":37,"column":30}},"20":{"start":{"line":40,"column":6},"end":{"line":46,"column":7}},"21":{"start":{"line":41,"column":8},"end":{"line":45,"column":9}},"22":{"start":{"line":42,"column":10},"end":{"line":42,"column":38}},"23":{"start":{"line":44,"column":10},"end":{"line":44,"column":36}},"24":{"start":{"line":50,"column":2},"end":{"line":52,"column":6}},"25":{"start":{"line":51,"column":4},"end":{"line":51,"column":23}},"26":{"start":{"line":53,"column":2},"end":{"line":55,"column":6}},"27":{"start":{"line":54,"column":4},"end":{"line":54,"column":23}},"28":{"start":{"line":57,"column":2},"end":{"line":57,"column":26}},"29":{"start":{"line":58,"column":2},"end":{"line":58,"column":80}},"30":{"start":{"line":59,"column":2},"end":{"line":59,"column":79}},"31":{"start":{"line":61,"column":2},"end":{"line":61,"column":14}},"32":{"start":{"line":64,"column":0},"end":{"line":85,"column":1}},"33":{"start":{"line":65,"column":2},"end":{"line":68,"column":4}},"34":{"start":{"line":69,"column":2},"end":{"line":69,"column":31}},"35":{"start":{"line":71,"column":2},"end":{"line":78,"column":6}},"36":{"start":{"line":72,"column":4},"end":{"line":77,"column":5}},"37":{"start":{"line":73,"column":6},"end":{"line":73,"column":44}},"38":{"start":{"line":74,"column":6},"end":{"line":76,"column":7}},"39":{"start":{"line":75,"column":8},"end":{"line":75,"column":89}},"40":{"start":{"line":80,"column":2},"end":{"line":80,"column":26}},"41":{"start":{"line":81,"column":2},"end":{"line":81,"column":77}},"42":{"start":{"line":82,"column":2},"end":{"line":82,"column":79}},"43":{"start":{"line":84,"column":2},"end":{"line":84,"column":14}},"44":{"start":{"line":94,"column":0},"end":{"line":115,"column":1}},"45":{"start":{"line":95,"column":2},"end":{"line":95,"column":76}},"46":{"start":{"line":107,"column":2},"end":{"line":107,"column":57}},"47":{"start":{"line":109,"column":2},"end":{"line":112,"column":3}},"48":{"start":{"line":111,"column":4},"end":{"line":111,"column":55}},"49":{"start":{"line":114,"column":2},"end":{"line":114,"column":61}},"50":{"start":{"line":123,"column":0},"end":{"line":133,"column":1}},"51":{"start":{"line":125,"column":2},"end":{"line":125,"column":140}},"52":{"start":{"line":128,"column":2},"end":{"line":128,"column":68}},"53":{"start":{"line":129,"column":2},"end":{"line":129,"column":58}},"54":{"start":{"line":130,"column":2},"end":{"line":130,"column":59}},"55":{"start":{"line":132,"column":2},"end":{"line":132,"column":23}},"56":{"start":{"line":135,"column":0},"end":{"line":156,"column":1}},"57":{"start":{"line":136,"column":2},"end":{"line":136,"column":36}},"58":{"start":{"line":138,"column":2},"end":{"line":138,"column":15}},"59":{"start":{"line":140,"column":2},"end":{"line":142,"column":6}},"60":{"start":{"line":141,"column":4},"end":{"line":141,"column":29}},"61":{"start":{"line":143,"column":2},"end":{"line":154,"column":6}},"62":{"start":{"line":144,"column":4},"end":{"line":146,"column":114}},"63":{"start":{"line":147,"column":4},"end":{"line":153,"column":6}},"64":{"start":{"line":155,"column":2},"end":{"line":155,"column":14}},"65":{"start":{"line":158,"column":0},"end":{"line":163,"column":2}}},"branchMap":{"1":{"line":30,"type":"if","locations":[{"start":{"line":30,"column":4},"end":{"line":30,"column":4}},{"start":{"line":30,"column":4},"end":{"line":30,"column":4}}]},"2":{"line":36,"type":"if","locations":[{"start":{"line":36,"column":6},"end":{"line":36,"column":6}},{"start":{"line":36,"column":6},"end":{"line":36,"column":6}}]},"3":{"line":40,"type":"if","locations":[{"start":{"line":40,"column":6},"end":{"line":40,"column":6}},{"start":{"line":40,"column":6},"end":{"line":40,"column":6}}]},"4":{"line":40,"type":"binary-expr","locations":[{"start":{"line":40,"column":11},"end":{"line":40,"column":17}},{"start":{"line":40,"column":21},"end":{"line":40,"column":43}}]},"5":{"line":41,"type":"if","locations":[{"start":{"line":41,"column":8},"end":{"line":41,"column":8}},{"start":{"line":41,"column":8},"end":{"line":41,"column":8}}]},"6":{"line":72,"type":"if","locations":[{"start":{"line":72,"column":4},"end":{"line":72,"column":4}},{"start":{"line":72,"column":4},"end":{"line":72,"column":4}}]},"7":{"line":74,"type":"if","locations":[{"start":{"line":74,"column":6},"end":{"line":74,"column":6}},{"start":{"line":74,"column":6},"end":{"line":74,"column":6}}]},"8":{"line":109,"type":"if","locations":[{"start":{"line":109,"column":2},"end":{"line":109,"column":2}},{"start":{"line":109,"column":2},"end":{"line":109,"column":2}}]},"9":{"line":146,"type":"cond-expr","locations":[{"start":{"line":146,"column":51},"end":{"line":146,"column":62}},{"start":{"line":146,"column":65},"end":{"line":146,"column":76}}]}},"l":{"8":1,"9":1,"12":1,"13":2,"14":2,"16":2,"18":2,"21":1,"22":0,"26":0,"27":0,"28":0,"30":0,"31":0,"32":0,"33":0,"34":0,"36":0,"37":0,"40":0,"41":0,"42":0,"44":0,"50":0,"51":0,"53":0,"54":0,"57":0,"58":0,"59":0,"61":0,"64":1,"65":0,"69":0,"71":0,"72":0,"73":0,"74":0,"75":0,"80":0,"81":0,"82":0,"84":0,"94":1,"95":0,"107":0,"109":0,"111":0,"114":0,"123":1,"125":0,"128":0,"129":0,"130":0,"132":0,"135":1,"136":0,"138":0,"140":0,"141":0,"143":0,"144":0,"147":0,"155":0,"158":1}},
"/Users/farmanc/Sites/cfpb-chart-builder/src/static/js/utils/tile-map.js":{"path":"/Users/farmanc/Sites/cfpb-chart-builder/src/static/js/utils/tile-map.js","s":{"1":1,"2":0,"3":0,"4":0,"5":0,"6":0,"7":0,"8":0,"9":0,"10":0,"11":1,"12":1},"b":{"1":[0,0],"2":[0,0],"3":[0,0],"4":[0,0]},"f":{"1":0},"fnMap":{"1":{"name":"getColor","line":3,"loc":{"start":{"line":3,"column":0},"end":{"line":3,"column":27}}}},"statementMap":{"1":{"start":{"line":3,"column":0},"end":{"line":17,"column":1}},"2":{"start":{"line":4,"column":2},"end":{"line":6,"column":3}},"3":{"start":{"line":5,"column":4},"end":{"line":5,"column":21}},"4":{"start":{"line":7,"column":2},"end":{"line":9,"column":3}},"5":{"start":{"line":8,"column":4},"end":{"line":8,"column":21}},"6":{"start":{"line":10,"column":2},"end":{"line":12,"column":3}},"7":{"start":{"line":11,"column":4},"end":{"line":11,"column":21}},"8":{"start":{"line":13,"column":2},"end":{"line":15,"column":3}},"9":{"start":{"line":14,"column":4},"end":{"line":14,"column":21}},"10":{"start":{"line":16,"column":2},"end":{"line":16,"column":19}},"11":{"start":{"line":19,"column":0},"end":{"line":224,"column":2}},"12":{"start":{"line":226,"column":0},"end":{"line":229,"column":2}}},"branchMap":{"1":{"line":4,"type":"if","locations":[{"start":{"line":4,"column":2},"end":{"line":4,"column":2}},{"start":{"line":4,"column":2},"end":{"line":4,"column":2}}]},"2":{"line":7,"type":"if","locations":[{"start":{"line":7,"column":2},"end":{"line":7,"column":2}},{"start":{"line":7,"column":2},"end":{"line":7,"column":2}}]},"3":{"line":10,"type":"if","locations":[{"start":{"line":10,"column":2},"end":{"line":10,"column":2}},{"start":{"line":10,"column":2},"end":{"line":10,"column":2}}]},"4":{"line":13,"type":"if","locations":[{"start":{"line":13,"column":2},"end":{"line":13,"column":2}},{"start":{"line":13,"column":2},"end":{"line":13,"column":2}}]}},"l":{"3":1,"4":0,"5":0,"7":0,"8":0,"10":0,"11":0,"13":0,"14":0,"16":0,"19":1,"226":1}}}
