TN:
SF:/Users/farmanc/Sites/cfpb-chart-builder/src/static/js/utils/process-csv.js
FN:12,formatDate
FN:21,processNumOriginationsData
FN:28,(anonymous_3)
FN:50,(anonymous_4)
FN:53,(anonymous_5)
FN:64,processYoyData
FN:71,(anonymous_7)
FN:94,_getProjectedTimestamp
FN:123,_getProjectedDate
FN:135,processMapData
FN:140,(anonymous_11)
FN:143,(anonymous_12)
FNF:12
FNH:1
FNDA:2,formatDate
FNDA:0,processNumOriginationsData
FNDA:0,(anonymous_3)
FNDA:0,(anonymous_4)
FNDA:0,(anonymous_5)
FNDA:0,processYoyData
FNDA:0,(anonymous_7)
FNDA:0,_getProjectedTimestamp
FNDA:0,_getProjectedDate
FNDA:0,processMapData
FNDA:0,(anonymous_11)
FNDA:0,(anonymous_12)
DA:8,1
DA:9,1
DA:12,1
DA:13,2
DA:14,2
DA:16,2
DA:18,2
DA:21,1
DA:22,0
DA:26,0
DA:27,0
DA:28,0
DA:30,0
DA:31,0
DA:32,0
DA:33,0
DA:34,0
DA:36,0
DA:37,0
DA:40,0
DA:41,0
DA:42,0
DA:44,0
DA:50,0
DA:51,0
DA:53,0
DA:54,0
DA:57,0
DA:58,0
DA:59,0
DA:61,0
DA:64,1
DA:65,0
DA:69,0
DA:71,0
DA:72,0
DA:73,0
DA:74,0
DA:75,0
DA:80,0
DA:81,0
DA:82,0
DA:84,0
DA:94,1
DA:95,0
DA:107,0
DA:109,0
DA:111,0
DA:114,0
DA:123,1
DA:125,0
DA:128,0
DA:129,0
DA:130,0
DA:132,0
DA:135,1
DA:136,0
DA:138,0
DA:140,0
DA:141,0
DA:143,0
DA:144,0
DA:147,0
DA:155,0
DA:158,1
LF:65
LH:13
BRDA:30,1,0,0
BRDA:30,1,1,0
BRDA:36,2,0,0
BRDA:36,2,1,0
BRDA:40,3,0,0
BRDA:40,3,1,0
BRDA:40,4,0,0
BRDA:40,4,1,0
BRDA:41,5,0,0
BRDA:41,5,1,0
BRDA:72,6,0,0
BRDA:72,6,1,0
BRDA:74,7,0,0
BRDA:74,7,1,0
BRDA:109,8,0,0
BRDA:109,8,1,0
BRDA:146,9,0,0
BRDA:146,9,1,0
BRF:18
BRH:0
end_of_record
TN:
SF:/Users/farmanc/Sites/cfpb-chart-builder/src/static/js/utils/tile-map.js
FN:3,getColor
FNF:1
FNH:0
FNDA:0,getColor
DA:3,1
DA:4,0
DA:5,0
DA:7,0
DA:8,0
DA:10,0
DA:11,0
DA:13,0
DA:14,0
DA:16,0
DA:19,1
DA:226,1
LF:12
LH:3
BRDA:4,1,0,0
BRDA:4,1,1,0
BRDA:7,2,0,0
BRDA:7,2,1,0
BRDA:10,3,0,0
BRDA:10,3,1,0
BRDA:13,4,0,0
BRDA:13,4,1,0
BRF:8
BRH:0
end_of_record
